Using pre-set license
Built from '2020.3/staging' branch; Version is '2020.3.13f1 (71691879b7f5) revision 7432472'; Using compiler version '192528614'; Build Type 'Release'
OS: 'Windows 10 Home; OS build 19042.1348; Version 2009; 64bit' Language: 'en' Physical Memory: 14188 MB
BatchMode: 1, IsHumanControllingUs: 0, StartBugReporterOnCrash: 0, Is64bit: 1, IsPro: 0

 COMMAND LINE ARGUMENTS:
C:\Program Files\Unity\Hub\Editor\2020.3.13f1\Editor\Unity.exe
-adb2
-batchMode
-noUpm
-name
AssetImportWorker0
-projectPath
C:/Users/clyde/Desktop/EDG unity/ClassPresentation
-logFile
Logs/AssetImportWorker0.log
-srvPort
65019
Successfully changed project path to: C:/Users/clyde/Desktop/EDG unity/ClassPresentation
C:/Users/clyde/Desktop/EDG unity/ClassPresentation
Using Asset Import Pipeline V2.
Refreshing native plugins compatible for Editor in 47.66 ms, found 8 plugins.
Preloading 1 native plugins for Editor in 1.59 ms.
Initialize engine version: 2020.3.13f1 (71691879b7f5)
[Subsystems] Discovering subsystems at path C:/Program Files/Unity/Hub/Editor/2020.3.13f1/Editor/Data/Resources/UnitySubsystems
[Subsystems] Discovering subsystems at path C:/Users/clyde/Desktop/EDG unity/ClassPresentation/Assets
GfxDevice: creating device client; threaded=0
Direct3D:
    Version:  Direct3D 11.0 [level 11.1]
    Renderer: NVIDIA GeForce RTX 3050 Laptop GPU (ID=0x25a2)
    Vendor:   
    VRAM:     3993 MB
    Driver:   27.21.14.6221
Initialize mono
Mono path[0] = 'C:/Program Files/Unity/Hub/Editor/2020.3.13f1/Editor/Data/Managed'
Mono path[1] = 'C:/Program Files/Unity/Hub/Editor/2020.3.13f1/Editor/Data/MonoBleedingEdge/lib/mono/unityjit'
Mono config path = 'C:/Program Files/Unity/Hub/Editor/2020.3.13f1/Editor/Data/MonoBleedingEdge/etc'
Using monoOptions --debugger-agent=transport=dt_socket,embedding=1,server=y,suspend=n,address=127.0.0.1:56336
Begin MonoManager ReloadAssembly
Registering precompiled unity dll's ...
Register platform support module: C:/Program Files/Unity/Hub/Editor/2020.3.13f1/Editor/Data/PlaybackEngines/WindowsStandaloneSupport/UnityEditor.WindowsStandalone.Extensions.dll
Registered in 0.001959 seconds.
Native extension for WindowsStandalone target not found
Refreshing native plugins compatible for Editor in 43.47 ms, found 8 plugins.
Preloading 1 native plugins for Editor in 0.13 ms.
Mono: successfully reloaded assembly
- Completed reload, in  0.918 seconds
Platform modules already initialized, skipping
Registering precompiled user dll's ...
Registered in 0.007633 seconds.
Begin MonoManager ReloadAssembly
Native extension for WindowsStandalone target not found
Refreshing native plugins compatible for Editor in 40.62 ms, found 8 plugins.
Preloading 1 native plugins for Editor in 0.10 ms.
Mono: successfully reloaded assembly
- Completed reload, in  1.616 seconds
Platform modules already initialized, skipping
========================================================================
Worker process is ready to serve import requests
Launched and connected shader compiler UnityShaderCompiler.exe after 0.03 seconds
Refreshing native plugins compatible for Editor in 0.70 ms, found 8 plugins.
Preloading 1 native plugins for Editor in 0.09 ms.
Unloading 3164 Unused Serialized files (Serialized files now loaded: 0)
System memory in use before: 162.7 MB.
System memory in use after: 161.9 MB.

Unloading 1938 unused Assets to reduce memory usage. Loaded Objects now: 3387.
Total: 4.517200 ms (FindLiveObjects: 0.416200 ms CreateObjectMapping: 0.129100 ms MarkObjects: 2.028000 ms  DeleteObjects: 1.943000 ms)

AssetImportParameters requested are different than current active one (requested -> active):
  custom:framework-win-MediaFoundation: 216162199b28c13a410421893ffa2e32 -> 
  custom:video-decoder-ogg-theora: a1e56fd34408186e4bbccfd4996cb3dc -> 
  custom:container-muxer-webm: aa71ff27fc2769a1b78a27578f13a17b -> 
  custom:container-demuxer-webm: 4f35f7cbe854078d1ac9338744f61a02 -> 
  custom:container-demuxer-ogg: 62fdf1f143b41e24485cea50d1cbac27 -> 
  custom:video-encoder-webm-vp8: eb34c28f22e8b96e1ab97ce403110664 -> 
  custom:video-codec-MediaFoundation-h265: 746d11721c4dcdbdad8f713fa42b33f4 -> 
  custom:video-decoder-webm-vp8: 9c59270c3fd7afecdb556c50c9e8de78 -> 
  custom:audio-decoder-ogg-vorbis: bf7c407c2cedff20999df2af8eb42d56 -> 
  custom:audio-encoder-webm-vorbis: bf7c407c2cedff20999df2af8eb42d56 -> 
========================================================================
Received Import Request.
  path: Assets/VisualThemes/TopCover.mat
  artifactKey: Guid(07b575a5db6af4b49a49de37df2453bd) Importer(815301076,1909f56bfc062723c751e8b465ee728b)
Start importing Assets/VisualThemes/TopCover.mat using Guid(07b575a5db6af4b49a49de37df2453bd) Importer(815301076,1909f56bfc062723c751e8b465ee728b)  -> (artifact id: '025efa479ddd2c72a501468fdf395ab2') in 0.095496 seconds 
  Import took 0.099955 seconds .

========================================================================
Received Import Request.
  Time since last request: 13.513629 seconds.
  path: Assets/VisualThemes/Grey.mat
  artifactKey: Guid(088101895ab8b5544ad0924eb287ad90) Importer(815301076,1909f56bfc062723c751e8b465ee728b)
Start importing Assets/VisualThemes/Grey.mat using Guid(088101895ab8b5544ad0924eb287ad90) Importer(815301076,1909f56bfc062723c751e8b465ee728b)  -> (artifact id: '2a1babd230919e0eac3d97eed4de3a83') in 0.031168 seconds 
  Import took 0.035363 seconds .

========================================================================
Received Import Request.
  Time since last request: 42.127258 seconds.
  path: Assets/VisualThemes/Green.mat
  artifactKey: Guid(088101895ab8b5544ad0924eb287ad90) Importer(815301076,1909f56bfc062723c751e8b465ee728b)
Start importing Assets/VisualThemes/Green.mat using Guid(088101895ab8b5544ad0924eb287ad90) Importer(815301076,1909f56bfc062723c751e8b465ee728b)  -> (artifact id: '22a986de06056c2a9965fbb034dae19a') in 0.025149 seconds 
  Import took 0.032922 seconds .

========================================================================
Received Prepare
Registering precompiled user dll's ...
Registered in 0.007796 seconds.
Begin MonoManager ReloadAssembly
Native extension for WindowsStandalone target not found
Refreshing native plugins compatible for Editor in 0.72 ms, found 8 plugins.
Preloading 1 native plugins for Editor in 0.09 ms.
Error when attempting to update scene info fields. Scene info data may be stale.
UnityEngine.StackTraceUtility:ExtractStackTrace ()
UnityEngine.DebugLogHandler:LogFormat (UnityEngine.LogType,UnityEngine.Object,string,object[])
UnityEngine.Logger:Log (UnityEngine.LogType,object)
UnityEngine.Debug:LogWarning (object)
Microsoft.MixedReality.Toolkit.Editor.SceneInfoUtils:RefreshSceneInfoFieldsInScriptableObjects () (at Assets/MRTK/Core/Inspectors/PropertyDrawers/SceneInfoUtils.cs:313)
Microsoft.MixedReality.Toolkit.Editor.SceneInfoUtils:InitializeOnLoad () (at Assets/MRTK/Core/Inspectors/PropertyDrawers/SceneInfoUtils.cs:231)

(Filename: Assets/MRTK/Core/Inspectors/PropertyDrawers/SceneInfoUtils.cs Line: 313)

Mono: successfully reloaded assembly
- Completed reload, in  1.432 seconds
Platform modules already initialized, skipping
Switching build target platform(19) subTarget(0) extendedPlatform(0) -> platform(21) subTarget(0) extendedPlatform(0)
Refreshing native plugins compatible for Editor in 0.71 ms, found 8 plugins.
Preloading 1 native plugins for Editor in 0.09 ms.
Unloading 3068 Unused Serialized files (Serialized files now loaded: 0)
System memory in use before: 156.0 MB.
System memory in use after: 154.8 MB.

Unloading 2003 unused Assets to reduce memory usage. Loaded Objects now: 3430.
Total: 4.967500 ms (FindLiveObjects: 0.397500 ms CreateObjectMapping: 0.112400 ms MarkObjects: 2.547800 ms  DeleteObjects: 1.908800 ms)

AssetImportParameters requested are different than current active one (requested -> active):
  custom:framework-win-MediaFoundation: 216162199b28c13a410421893ffa2e32 -> 
  custom:video-decoder-ogg-theora: a1e56fd34408186e4bbccfd4996cb3dc -> 
  custom:container-muxer-webm: aa71ff27fc2769a1b78a27578f13a17b -> 
  custom:container-demuxer-webm: 4f35f7cbe854078d1ac9338744f61a02 -> 
  custom:container-demuxer-ogg: 62fdf1f143b41e24485cea50d1cbac27 -> 
  custom:video-encoder-webm-vp8: eb34c28f22e8b96e1ab97ce403110664 -> 
  custom:video-codec-MediaFoundation-h265: 746d11721c4dcdbdad8f713fa42b33f4 -> 
  custom:video-decoder-webm-vp8: 9c59270c3fd7afecdb556c50c9e8de78 -> 
  custom:audio-decoder-ogg-vorbis: bf7c407c2cedff20999df2af8eb42d56 -> 
  custom:audio-encoder-webm-vorbis: bf7c407c2cedff20999df2af8eb42d56 -> 
========================================================================
Received Import Request.
  Time since last request: 5156.568762 seconds.
  path: Assets/Scenes/Animation.unity
  artifactKey: Guid(10daa7fea98d6d24c99cab77e0d67c54) Importer(815301076,1909f56bfc062723c751e8b465ee728b)
Start importing Assets/Scenes/Animation.unity using Guid(10daa7fea98d6d24c99cab77e0d67c54) Importer(815301076,1909f56bfc062723c751e8b465ee728b)  -> (artifact id: '70bc91e29d135ff6ec6e5fafd9193595') in 0.036867 seconds 
  Import took 0.042888 seconds .

AssetImportWorkerClient::OnTransportError - code=2 error=End of file
