Using pre-set license
Built from '2020.3/staging' branch; Version is '2020.3.13f1 (71691879b7f5) revision 7432472'; Using compiler version '192528614'; Build Type 'Release'
OS: 'Windows 10 Home; OS build 19042.1348; Version 2009; 64bit' Language: 'en' Physical Memory: 14188 MB
BatchMode: 1, IsHumanControllingUs: 0, StartBugReporterOnCrash: 0, Is64bit: 1, IsPro: 0

 COMMAND LINE ARGUMENTS:
C:\Program Files\Unity\Hub\Editor\2020.3.13f1\Editor\Unity.exe
-adb2
-batchMode
-noUpm
-name
AssetImportWorker0
-projectPath
C:/Users/clyde/Desktop/EDG unity/ClassPresentation
-logFile
Logs/AssetImportWorker0.log
-srvPort
53779
Successfully changed project path to: C:/Users/clyde/Desktop/EDG unity/ClassPresentation
C:/Users/clyde/Desktop/EDG unity/ClassPresentation
Using Asset Import Pipeline V2.
Refreshing native plugins compatible for Editor in 50.28 ms, found 8 plugins.
Preloading 1 native plugins for Editor in 1.35 ms.
Initialize engine version: 2020.3.13f1 (71691879b7f5)
[Subsystems] Discovering subsystems at path C:/Program Files/Unity/Hub/Editor/2020.3.13f1/Editor/Data/Resources/UnitySubsystems
[Subsystems] Discovering subsystems at path C:/Users/clyde/Desktop/EDG unity/ClassPresentation/Assets
GfxDevice: creating device client; threaded=0
Direct3D:
    Version:  Direct3D 11.0 [level 11.1]
    Renderer: NVIDIA GeForce RTX 3050 Laptop GPU (ID=0x25a2)
    Vendor:   
    VRAM:     3993 MB
    Driver:   27.21.14.6221
Initialize mono
Mono path[0] = 'C:/Program Files/Unity/Hub/Editor/2020.3.13f1/Editor/Data/Managed'
Mono path[1] = 'C:/Program Files/Unity/Hub/Editor/2020.3.13f1/Editor/Data/MonoBleedingEdge/lib/mono/unityjit'
Mono config path = 'C:/Program Files/Unity/Hub/Editor/2020.3.13f1/Editor/Data/MonoBleedingEdge/etc'
Using monoOptions --debugger-agent=transport=dt_socket,embedding=1,server=y,suspend=n,address=127.0.0.1:56992
Begin MonoManager ReloadAssembly
Registering precompiled unity dll's ...
Register platform support module: C:/Program Files/Unity/Hub/Editor/2020.3.13f1/Editor/Data/PlaybackEngines/WindowsStandaloneSupport/UnityEditor.WindowsStandalone.Extensions.dll
Registered in 0.002545 seconds.
Native extension for WindowsStandalone target not found
Refreshing native plugins compatible for Editor in 39.68 ms, found 8 plugins.
Preloading 1 native plugins for Editor in 0.08 ms.
Mono: successfully reloaded assembly
- Completed reload, in  0.918 seconds
Platform modules already initialized, skipping
Registering precompiled user dll's ...
Registered in 0.007354 seconds.
Begin MonoManager ReloadAssembly
Native extension for WindowsStandalone target not found
Refreshing native plugins compatible for Editor in 39.98 ms, found 8 plugins.
Preloading 1 native plugins for Editor in 0.09 ms.
Mono: successfully reloaded assembly
- Completed reload, in  1.590 seconds
Platform modules already initialized, skipping
========================================================================
Worker process is ready to serve import requests
Launched and connected shader compiler UnityShaderCompiler.exe after 0.04 seconds
Refreshing native plugins compatible for Editor in 0.68 ms, found 8 plugins.
Preloading 1 native plugins for Editor in 0.09 ms.
Unloading 3164 Unused Serialized files (Serialized files now loaded: 0)
System memory in use before: 162.7 MB.
System memory in use after: 161.9 MB.

Unloading 1938 unused Assets to reduce memory usage. Loaded Objects now: 3388.
Total: 4.547500 ms (FindLiveObjects: 0.549800 ms CreateObjectMapping: 0.125800 ms MarkObjects: 2.022600 ms  DeleteObjects: 1.848600 ms)

AssetImportParameters requested are different than current active one (requested -> active):
  custom:framework-win-MediaFoundation: 216162199b28c13a410421893ffa2e32 -> 
  custom:video-decoder-ogg-theora: a1e56fd34408186e4bbccfd4996cb3dc -> 
  custom:container-muxer-webm: aa71ff27fc2769a1b78a27578f13a17b -> 
  custom:container-demuxer-webm: 4f35f7cbe854078d1ac9338744f61a02 -> 
  custom:container-demuxer-ogg: 62fdf1f143b41e24485cea50d1cbac27 -> 
  custom:video-encoder-webm-vp8: eb34c28f22e8b96e1ab97ce403110664 -> 
  custom:video-codec-MediaFoundation-h265: 746d11721c4dcdbdad8f713fa42b33f4 -> 
  custom:video-decoder-webm-vp8: 9c59270c3fd7afecdb556c50c9e8de78 -> 
  custom:audio-decoder-ogg-vorbis: bf7c407c2cedff20999df2af8eb42d56 -> 
  custom:audio-encoder-webm-vorbis: bf7c407c2cedff20999df2af8eb42d56 -> 
========================================================================
Received Import Request.
  path: Assets/Models/CapGrip.dae
  artifactKey: Guid(058bfbcd5f7d6ef458ea3e60550251c6) Importer(815301076,1909f56bfc062723c751e8b465ee728b)
Start importing Assets/Models/CapGrip.dae using Guid(058bfbcd5f7d6ef458ea3e60550251c6) Importer(815301076,1909f56bfc062723c751e8b465ee728b)  -> (artifact id: '3e185094952781c47217950436368ea9') in 0.344506 seconds 
  Import took 0.349527 seconds .

========================================================================
Received Import Request.
  Time since last request: 328.672898 seconds.
  path: Assets/Models/Suction.dae
  artifactKey: Guid(e704cb5b038852b4ba3a854776406f97) Importer(815301076,1909f56bfc062723c751e8b465ee728b)
Start importing Assets/Models/Suction.dae using Guid(e704cb5b038852b4ba3a854776406f97) Importer(815301076,1909f56bfc062723c751e8b465ee728b)  -> (artifact id: '7332e1575783805edcd86aa42fe40536') in 0.047323 seconds 
  Import took 0.052350 seconds .

========================================================================
Received Import Request.
  Time since last request: 86.429539 seconds.
  path: Assets/Models/Suction 1.dae
  artifactKey: Guid(6ad3ac6aa577f09459448d65cceef4a6) Importer(815301076,1909f56bfc062723c751e8b465ee728b)
Start importing Assets/Models/Suction 1.dae using Guid(6ad3ac6aa577f09459448d65cceef4a6) Importer(815301076,1909f56bfc062723c751e8b465ee728b)  -> (artifact id: '18b57bc56f0b38b092e72d55ea573ea7') in 0.059729 seconds 
  Import took 0.065189 seconds .

AssetImportWorkerClient::OnTransportError - code=2 error=End of file
